<?xml version="1.0" encoding="UTF-8"?>
<testsuite xmlns:xsi="http://www.w3.org/2001/XMLSchema-instance" xsi:noNamespaceSchemaLocation="https://maven.apache.org/surefire/maven-surefire-plugin/xsd/surefire-test-report.xsd" version="3.0.2" name="com.ecommerce.services.categories_service.CategoriesServiceApplicationTests" time="2.174" tests="1" errors="0" skipped="0" failures="0">
  <properties>
[...]
</properties>
  <testcase name="contextLoads" classname="com.ecommerce.services.categories_service.CategoriesServiceApplicationTests" time="0.714">
    <system-out><![CDATA[08:22:53.725 [main] INFO org.springframework.test.context.support.AnnotationConfigContextLoaderUtils -- Could not detect default configuration classes for test class [com.ecommerce.services.categories_service.CategoriesServiceApplicationTests]: CategoriesServiceApplicationTests does not declare any static, non-private, non-final, nested classes annotated with @Configuration.
08:22:53.809 [main] INFO org.springframework.boot.test.context.SpringBootTestContextBootstrapper -- Found @SpringBootConfiguration com.ecommerce.services.categories_service.CategoriesServiceApplication for test class com.ecommerce.services.categories_service.CategoriesServiceApplicationTests

  .   ____          _            __ _ _
 /\\ / ___'_ __ _ _(_)_ __  __ _ \ \ \ \
( ( )\___ | '_ | '_| | '_ \/ _` | \ \ \ \
 \\/  ___)| |_)| | | | | || (_| |  ) ) ) )
  '  |____| .__|_| |_|_| |_\__, | / / / /
 =========|_|==============|___/=/_/_/_/

 :: Spring Boot ::                (v3.4.0)

2024-12-06T08:22:54.116-05:00  INFO 9105 --- [categories-service] [           main] .e.s.c.CategoriesServiceApplicationTests : Starting CategoriesServiceApplicationTests using Java 21.0.5 with PID 9105 (started by rohitkommarraju in /Users/rohitkommarraju/Applications/projects/categories)
2024-12-06T08:22:54.118-05:00  INFO 9105 --- [categories-service] [           main] .e.s.c.CategoriesServiceApplicationTests : No active profile set, falling back to 1 default profile: "default"
2024-12-06T08:22:55.041-05:00  INFO 9105 --- [categories-service] [           main] .e.s.c.CategoriesServiceApplicationTests : Started CategoriesServiceApplicationTests in 1.13 seconds (process running for 1.83)
]]></system-out>
    <system-err><![CDATA[Mockito is currently self-attaching to enable the inline-mock-maker. This will no longer work in future releases of the JDK. Please add Mockito as an agent to your build what is described in Mockito's documentation: https://javadoc.io/doc/org.mockito/mockito-core/latest/org/mockito/Mockito.html#0.3
WARNING: A Java agent has been loaded dynamically (/Users/rohitkommarraju/.m2/repository/net/bytebuddy/byte-buddy-agent/1.15.10/byte-buddy-agent-1.15.10.jar)
WARNING: If a serviceability tool is in use, please run with -XX:+EnableDynamicAgentLoading to hide this warning
WARNING: If a serviceability tool is not in use, please run with -Djdk.instrument.traceUsage for more information
WARNING: Dynamic loading of agents will be disallowed by default in a future release
]]></system-err>
  </testcase>
</testsuite>